<?xml version="1.0" encoding="UTF-8"?>
<robot generator="Robot 6.1 (Python 3.9.13 on win32)" generated="20230711 22:22:05.214" rpa="false" schemaversion="4">
<suite id="s1" name="BDD" source="C:\Users\aleja\PycharmProjects\pythonProject2\Automation\BDD.robot">
<kw name="Open my browser" library="DataDrivern" type="SETUP">
<kw name="Open Browser" library="SeleniumLibrary">
<arg>${url}</arg>
<arg>${browser}</arg>
<doc>Opens a new browser instance to the optional ``url``.</doc>
<msg timestamp="20230711 22:22:05.465" level="INFO">Opening browser 'chrome' to base url 'https://admin-demo.nopcommerce.com/'.</msg>
<msg timestamp="20230711 22:22:05.475" level="INFO">Executing: C:\Users\aleja\PycharmProjects\pythonProject2\venv\lib\site-packages\selenium\webdriver\common\windows\selenium-manager.exe --browser chrome --output json</msg>
<status status="PASS" starttime="20230711 22:22:05.464" endtime="20230711 22:22:08.536"/>
</kw>
<kw name="Maximize Browser Window" library="SeleniumLibrary">
<doc>Maximizes current browser window.</doc>
<status status="PASS" starttime="20230711 22:22:08.536" endtime="20230711 22:22:08.656"/>
</kw>
<status status="PASS" starttime="20230711 22:22:05.464" endtime="20230711 22:22:08.656"/>
</kw>
<test id="s1-t1" name="right user wrong pwd" line="9">
<kw name="Invalid login">
<arg>dmin@yourstore.com</arg>
<arg>xyz</arg>
<msg timestamp="20230711 22:22:08.657" level="FAIL">Keyword 'Invalid login' expected 0 arguments, got 2.</msg>
<status status="FAIL" starttime="20230711 22:22:08.657" endtime="20230711 22:22:08.657"/>
</kw>
<status status="FAIL" starttime="20230711 22:22:08.656" endtime="20230711 22:22:08.658">Keyword 'Invalid login' expected 0 arguments, got 2.</status>
</test>
<kw name="close my browsers" library="DataDrivern" type="TEARDOWN">
<kw name="Close All Browsers" library="SeleniumLibrary">
<doc>Closes all open browsers and resets the browser cache.</doc>
<status status="PASS" starttime="20230711 22:22:08.661" endtime="20230711 22:22:14.870"/>
</kw>
<status status="PASS" starttime="20230711 22:22:08.659" endtime="20230711 22:22:14.870"/>
</kw>
<status status="FAIL" starttime="20230711 22:22:05.216" endtime="20230711 22:22:14.870"/>
</suite>
<statistics>
<total>
<stat pass="0" fail="1" skip="0">All Tests</stat>
</total>
<tag>
</tag>
<suite>
<stat pass="0" fail="1" skip="0" id="s1" name="BDD">BDD</stat>
</suite>
</statistics>
<errors>
</errors>
</robot>
